<?xml version="1.0" encoding="UTF-8" ?>
<testsuite tests="5" failures="0" name="runner.TestRunner" time="0.008" errors="0" skipped="0">
  <properties>
[...]
</properties>
  <testcase classname="Scenario: Test login with valid credentials" name="Given Open Chrome Driver and start the application" time="0.007"/>
  <testcase classname="Scenario: Test login with valid credentials" name="When I enter valid user name and password" time="0"/>
  <testcase classname="Scenario: Test login with valid credentials" name="Then User should be able to login successfully" time="0"/>
  <testcase classname="Scenario: Test login with valid credentials" name="Then Application is closed." time="0"/>
  <testcase classname="Scenario: Test login with valid credentials" name="Scenario: Test login with valid credentials" time="0.001"/>
</testsuite>