<?xml version="1.0" encoding="UTF-8" standalone="no"?>
<testsuite failures="0" name="cucumber.runtime.formatter.JUnitFormatter" skipped="0" tests="1" time="10.662427">
<testcase classname="Test facebook smoke scenario" name="Test login with valid credentials" time="10.662427">
<system-out><![CDATA[Given Open Chrome Driver and start the application..........................passed
When I enter valid user name and password...................................passed
Then User should be able to login successfully..............................passed
Then Application is closed..................................................passed
]]></system-out>
</testcase>
</testsuite>
